#
# There is insufficient memory for the Java Runtime Environment to continue.
# Native memory allocation (mmap) failed to map 134217728 bytes for Failed to commit area from 0x0000000081a00000 to 0x0000000089a00000 of length 134217728.
# Possible reasons:
#   The system is out of physical RAM or swap space
#   The process is running with CompressedOops enabled, and the Java Heap may be blocking the growth of the native heap
# Possible solutions:
#   Reduce memory load on the system
#   Increase physical memory or swap space
#   Check if swap backing store is full
#   Decrease Java heap size (-Xmx/-Xms)
#   Decrease number of Java threads
#   Decrease Java thread stack sizes (-Xss)
#   Set larger code cache with -XX:ReservedCodeCacheSize=
# This output file may be truncated or incomplete.
#
#  Out of Memory Error (t:/workspace/open/src/hotspot/os/windows/os_windows.cpp:3275), pid=2748, tid=12932
#
# JRE version:  (11.0.4+10) (build )
# Java VM: Java HotSpot(TM) 64-Bit Server VM (11.0.4+10-LTS, mixed mode, aot, sharing, tiered, compressed oops, g1 gc, windows-amd64)
# No core dump will be written. Minidumps are not enabled by default on client versions of Windows
#

---------------  S U M M A R Y ------------

Command Line: -Dfile.encoding=GBK Xiaolv.xiaolv

Host: Intel(R) Core(TM) i7-8750H CPU @ 2.20GHz, 12 cores, 7G,  Windows 10 , 64 bit Build 18362 (10.0.18362.329)
Time: Tue Oct  1 17:47:39 2019 ?D1ú±ê×?ê±?? elapsed time: 0 seconds (0d 0h 0m 0s)

---------------  T H R E A D  ---------------

Current thread (0x000001a5e03d5800):  JavaThread "Unknown thread" [_thread_in_vm, id=12932, stack(0x000000575aa00000,0x000000575ab00000)]

Stack: [0x000000575aa00000,0x000000575ab00000]
Native frames: (J=compiled Java code, j=interpreted, Vv=VM code, C=native code)
V  [jvm.dll+0x635bda]
V  [jvm.dll+0x77360f]
V  [jvm.dll+0x774cba]
V  [jvm.dll+0x775373]
V  [jvm.dll+0x25e668]
V  [jvm.dll+0x63306a]
V  [jvm.dll+0x627ab5]
V  [jvm.dll+0x314f8c]
V  [jvm.dll+0x314e12]
V  [jvm.dll+0x31a676]
V  [jvm.dll+0x36676f]
V  [jvm.dll+0x366190]
V  [jvm.dll+0x2f1b18]
V  [jvm.dll+0x2f2c86]
V  [jvm.dll+0x74c777]
V  [jvm.dll+0x74debf]
V  [jvm.dll+0x3735a9]
V  [jvm.dll+0x732e09]
V  [jvm.dll+0x3e2c0d]
V  [jvm.dll+0x3e4ee1]
C  [javaw.exe+0x3617]
C  [javaw.exe+0x17e2c]
C  [KERNEL32.DLL+0x17bd4]
C  [ntdll.dll+0x6cee1]


---------------  P R O C E S S  ---------------

Threads class SMR info:
_java_thread_list=0x000001a5e02b4f80, length=0, elements={
}

Java Threads: ( => current thread )

Other Threads:
  0x000001a5e03eb800 GCTaskThread "GC Thread#0" [stack: 0x000000575ab00000,0x000000575ac00000] [id=18448]
  0x000001a5e041c000 ConcurrentGCThread "G1 Main Marker" [stack: 0x000000575ac00000,0x000000575ad00000] [id=14840]
  0x000001a5e041e000 ConcurrentGCThread "G1 Conc#0" [stack: 0x000000575ad00000,0x000000575ae00000] [id=10068]

[error occurred during error reporting (printing all threads), id 0xc0000005, EXCEPTION_ACCESS_VIOLATION (0xc0000005) at pc=0x00007ff8ad7703e7]

VM state:not at safepoint (not fully initialized)

VM Mutex/Monitor currently owned by a thread:  ([mutex/lock_event])
[0x000001a5e03d2a60] Heap_lock - owner thread: 0x000001a5e03d5800

Heap address: 0x0000000081a00000, size: 2022 MB, Compressed Oops mode: Non-zero based: 0x0000000081a00000
Narrow klass base: 0x0000000000000000, Narrow klass shift: 0

GC Heap History (0 events):
No events

Deoptimization events (0 events):
No events

Classes redefined (0 events):
No events

Internal exceptions (0 events):
No events

Events (0 events):
No events


Dynamic libraries:
0x00007ff7d60a0000 - 0x00007ff7d60e7000 	D:\jdk11\bin\javaw.exe
0x00007ff8ed400000 - 0x00007ff8ed5f0000 	C:\WINDOWS\SYSTEM32\ntdll.dll
0x00007ff8eb550000 - 0x00007ff8eb602000 	C:\WINDOWS\System32\KERNEL32.DLL
0x00007ff8eb130000 - 0x00007ff8eb3d3000 	C:\WINDOWS\System32\KERNELBASE.dll
0x00007ff8ed2e0000 - 0x00007ff8ed383000 	C:\WINDOWS\System32\ADVAPI32.dll
0x00007ff8eb4b0000 - 0x00007ff8eb54e000 	C:\WINDOWS\System32\msvcrt.dll
0x00007ff8eb610000 - 0x00007ff8eb6a7000 	C:\WINDOWS\System32\sechost.dll
0x00007ff8ec100000 - 0x00007ff8ec220000 	C:\WINDOWS\System32\RPCRT4.dll
0x00007ff8eccf0000 - 0x00007ff8ece83000 	C:\WINDOWS\System32\USER32.dll
0x00007ff8eb100000 - 0x00007ff8eb121000 	C:\WINDOWS\System32\win32u.dll
0x00007ff8ed390000 - 0x00007ff8ed3b6000 	C:\WINDOWS\System32\GDI32.dll
0x00007ff8ea560000 - 0x00007ff8ea6f4000 	C:\WINDOWS\System32\gdi32full.dll
0x00007ff8eb410000 - 0x00007ff8eb4ae000 	C:\WINDOWS\System32\msvcp_win.dll
0x00007ff8ea460000 - 0x00007ff8ea55a000 	C:\WINDOWS\System32\ucrtbase.dll
0x00007ff8d7a70000 - 0x00007ff8d7cf5000 	C:\WINDOWS\WinSxS\amd64_microsoft.windows.common-controls_6595b64144ccf1df_6.0.18362.356_none_e6c4af7d130f27cc\COMCTL32.dll
0x00007ff8ecf40000 - 0x00007ff8ed276000 	C:\WINDOWS\System32\combase.dll
0x00007ff8e10a0000 - 0x00007ff8e10aa000 	C:\WINDOWS\SYSTEM32\VERSION.dll
0x00007ff8ea700000 - 0x00007ff8ea780000 	C:\WINDOWS\System32\bcryptPrimitives.dll
0x00007ff8ecf10000 - 0x00007ff8ecf3e000 	C:\WINDOWS\System32\IMM32.DLL
0x00007ff8d1890000 - 0x00007ff8d18a6000 	D:\jdk11\bin\vcruntime140.dll
0x00007ff8b4a90000 - 0x00007ff8b4b3a000 	D:\jdk11\bin\msvcp140.dll
0x00007ff8ad470000 - 0x00007ff8adf97000 	D:\jdk11\bin\server\jvm.dll
0x00007ff8eb6b0000 - 0x00007ff8eb6b8000 	C:\WINDOWS\System32\PSAPI.DLL
0x00007ff8e7040000 - 0x00007ff8e7064000 	C:\WINDOWS\SYSTEM32\WINMM.dll
0x00007ff8d4620000 - 0x00007ff8d4629000 	C:\WINDOWS\SYSTEM32\WSOCK32.dll
0x00007ff8ecc80000 - 0x00007ff8eccef000 	C:\WINDOWS\System32\WS2_32.dll
0x00007ff8e7010000 - 0x00007ff8e703d000 	C:\WINDOWS\SYSTEM32\WINMMBASE.dll
0x00007ff8ea410000 - 0x00007ff8ea45a000 	C:\WINDOWS\System32\cfgmgr32.dll
0x00007ff8ea370000 - 0x00007ff8ea381000 	C:\WINDOWS\System32\kernel.appcore.dll
0x00007ff8d1870000 - 0x00007ff8d1881000 	D:\jdk11\bin\verify.dll
0x00007ff8d5640000 - 0x00007ff8d5834000 	C:\WINDOWS\SYSTEM32\DBGHELP.DLL
0x00007ff8d46a0000 - 0x00007ff8d46ca000 	C:\WINDOWS\SYSTEM32\dbgcore.DLL
0x00007ff8d16a0000 - 0x00007ff8d16c9000 	D:\jdk11\bin\java.dll
0x00007ff8d1850000 - 0x00007ff8d1866000 	D:\jdk11\bin\zip.dll
0x00007ff8d90e0000 - 0x00007ff8d90ea000 	D:\jdk11\bin\jimage.dll

dbghelp: loaded successfully - version: 4.0.5 - missing functions: none
symbol engine: initialized successfully - sym options: 0x614 - pdb path: .;D:\jdk11\bin;C:\WINDOWS\SYSTEM32;C:\WINDOWS\WinSxS\amd64_microsoft.windows.common-controls_6595b64144ccf1df_6.0.18362.356_none_e6c4af7d130f27cc;D:\jdk11\bin\server

VM Arguments:
jvm_args: -Dfile.encoding=GBK 
java_command: Xiaolv.xiaolv
java_class_path (initial): D:\javaIDE软件\实体与映射\bin
Launcher Type: SUN_STANDARD

[Global flags]
     intx CICompilerCount                          = 4                                         {product} {ergonomic}
     uint ConcGCThreads                            = 3                                         {product} {ergonomic}
     uint G1ConcRefinementThreads                  = 10                                        {product} {ergonomic}
   size_t G1HeapRegionSize                         = 1048576                                   {product} {ergonomic}
    uintx GCDrainStackTargetSize                   = 64                                        {product} {ergonomic}
   size_t InitialHeapSize                          = 134217728                                 {product} {ergonomic}
   size_t MarkStackSize                            = 4194304                                   {product} {ergonomic}
   size_t MaxHeapSize                              = 2120220672                                {product} {ergonomic}
   size_t MinHeapDeltaBytes                        = 1048576                                   {product} {ergonomic}
    uintx NonNMethodCodeHeapSize                   = 5835340                                {pd product} {ergonomic}
    uintx NonProfiledCodeHeapSize                  = 122911450                              {pd product} {ergonomic}
    uintx ProfiledCodeHeapSize                     = 122911450                              {pd product} {ergonomic}
    uintx ReservedCodeCacheSize                    = 251658240                              {pd product} {ergonomic}
     bool SegmentedCodeCache                       = true                                      {product} {ergonomic}
     bool UseCompressedClassPointers               = true                                 {lp64_product} {ergonomic}
     bool UseCompressedOops                        = true                                 {lp64_product} {ergonomic}
     bool UseG1GC                                  = true                                      {product} {ergonomic}
     bool UseLargePagesIndividualAllocation        = false                                  {pd product} {ergonomic}

Logging:
Log output configuration:
 #0: stdout all=warning uptime,level,tags
 #1: stderr all=off uptime,level,tags

Environment Variables:
JAVA_HOME=D:\jdk11
CLASSPATH=.;D:\jdk11\lib;D:\jdk11\lib\tool.jar
PATH=E:\python-app\Scripts\;E:\python-app\;C:\Windows\system32;C:\Windows;C:\Windows\System32\Wbem;C:\Windows\System32\WindowsPowerShell\v1.0\;C:\Program Files\Intel\WiFi\bin\;C:\Program Files\Common Files\Intel\WirelessCommon\;C:\WINDOWS\system32;C:\WINDOWS;C:\WINDOWS\System32\Wbem;C:\WINDOWS\System32\WindowsPowerShell\v1.0\;C:\WINDOWS\System32\OpenSSH\;C:\Program Files (x86)\Microsoft SQL Server\100\Tools\Binn\;C:\Program Files\Microsoft SQL Server\100\Tools\Binn\;C:\Program Files\Microsoft SQL Server\100\DTS\Binn\;C:\Program Files (x86)\NVIDIA Corporation\PhysX\Common;.;C:\Program Files\NVIDIA Corporation\NVIDIA NvDLISR;C:\Program Files\Microsoft VS Code\bin;C:\Program Files\dotnet\;C:\Program Files\Microsoft SQL Server\130\Tools\Binn\;C:\WINDOWS\system32;C:\WINDOWS;C:\WINDOWS\System32\Wbem;C:\WINDOWS\System32\WindowsPowerShell\v1.0\;C:\WINDOWS\System32\OpenSSH\;D:\jdk11\bin;D:\Git\Git\cmd;C:\Program Files\MySQL\MySQL Shell 8.0\bin;%USERPROFILE%\AppData\Local\Microsoft\WindowsApps;
USERNAME=好朋友
OS=Windows_NT
PROCESSOR_IDENTIFIER=Intel64 Family 6 Model 158 Stepping 10, GenuineIntel



---------------  S Y S T E M  ---------------

OS: Windows 10 , 64 bit Build 18362 (10.0.18362.329)

CPU:total 12 (initial active 12) (6 cores per cpu, 2 threads per core) family 6 model 158 stepping 10, cmov, cx8, fxsr, mmx, sse, sse2, sse3, ssse3, sse4.1, sse4.2, popcnt, avx, avx2, aes, clmul, erms, 3dnowpref, lzcnt, ht, tsc, tscinvbit, bmi1, bmi2, adx, fma

Memory: 4k page, system-wide physical 8082M (3683M free)
TotalPageFile size 23160M (AvailPageFile size 125M)
current process WorkingSet (physical memory assigned to process): 10M, peak: 10M
current process commit charge ("private bytes"): 64M, peak: 192M

vm_info: Java HotSpot(TM) 64-Bit Server VM (11.0.4+10-LTS) for windows-amd64 JRE (11.0.4+10-LTS), built on Jul  4 2019 16:28:13 by "mach5one" with MS VC++ 15.5 (VS2017)

END.
